interpretation( 8, [number=2, seconds=2], [
    0,0,0,0,4,4,4,4,
    0,0,0,1,4,4,4,5,
    2,2,2,2,6,6,6,6,
    2,2,2,3,6,6,6,7,
    0,0,0,0,4,4,4,4,
    0,1,0,1,4,5,4,5,
    2,2,2,2,6,6,6,6,
    2,3,2,3,6,7,6,7 ])]).
interpretation( 8, [number=3, seconds=3], [
    0,0,0,3,3,5,5,7,
    0,1,0,3,3,5,6,7,
    0,0,2,3,4,5,5,7,
    3,3,3,7,7,0,0,5,
    3,4,3,7,7,0,2,5,
    5,5,5,0,0,7,7,3,
    5,5,6,0,1,7,7,3,
    7,7,7,5,5,3,3,0 ])]).
interpretation( 8, [number=4, seconds=5], [
    0,0,0,3,3,3,6,7,
    0,0,1,3,3,4,6,7,
    0,0,2,3,3,5,6,7,
    0,0,6,3,3,7,6,7,
    0,1,6,3,4,7,6,7,
    0,2,6,3,5,7,6,7,
    0,0,6,3,3,7,6,7,
    0,6,6,3,7,7,6,7 ])]).
interpretation( 8, [number=5, seconds=4], [
    0,0,0,0,0,0,0,0,
    0,0,0,0,0,1,2,3,
    0,1,2,3,3,3,3,3,
    3,3,3,3,3,3,3,3,
    4,4,4,4,4,4,4,4,
    4,4,4,4,4,5,6,7,
    4,5,6,7,7,7,7,7,
    7,7,7,7,7,7,7,7 ])]).
interpretation( 8, [number=6, seconds=6], [
    0,0,0,0,4,4,4,4,
    0,0,0,1,4,4,4,5,
    2,2,2,2,6,6,6,6,
    2,2,2,3,6,6,6,7,
    0,0,0,0,4,4,4,4,
    0,1,0,0,4,5,4,4,
    2,2,2,2,6,6,6,6,
    2,3,2,2,6,7,6,6 ])]).
interpretation( 8, [number=7, seconds=8], [
    0,0,2,2,4,4,6,6,
    0,1,2,2,4,4,6,7,
    0,0,2,2,4,4,6,6,
    0,0,2,3,4,5,6,6,
    4,4,6,6,0,0,2,2,
    4,5,6,6,0,0,2,3,
    4,4,6,6,0,0,2,2,
    4,4,6,7,0,1,2,2 ])]).
interpretation( 8, [number=8, seconds=7], [
    0,0,0,0,4,4,4,4,
    0,1,0,0,4,4,4,7,
    2,2,2,2,5,5,5,5,
    2,2,2,3,5,5,6,5,
    4,4,4,4,0,0,0,0,
    5,5,5,5,2,2,2,2,
    5,6,5,5,2,2,2,3,
    4,4,4,7,0,0,1,0 ])]).
