interpretation( 9, [number=1, seconds=1], [
  function(*(_,_), [
    0,0,0,0,0,0,0,0,0,
    0,0,0,0,0,0,0,1,2,
    0,0,0,0,0,1,2,0,0,
    0,0,0,0,0,0,0,3,4,
    0,0,0,0,0,3,4,0,0,
    0,0,0,1,2,0,0,5,6,
    0,1,2,0,0,5,6,1,2,
    0,0,0,3,4,0,0,7,8,
    0,3,4,0,0,7,8,3,4 ])]).
interpretation( 9, [number=2, seconds=2], [
  function(*(_,_), [
    0,0,0,0,0,0,0,0,0,
    0,0,0,0,0,0,0,1,2,
    0,0,0,0,0,1,2,1,2,
    0,0,0,0,0,0,0,3,4,
    0,0,0,0,0,3,4,3,4,
    0,0,0,1,2,1,2,5,6,
    0,1,2,1,2,5,6,5,6,
    0,0,0,3,4,3,4,7,8,
    0,3,4,3,4,7,8,7,8 ])]).
interpretation( 9, [number=3, seconds=3], [
  function(*(_,_), [
    0,0,0,0,0,0,0,0,0,
    0,0,0,0,0,0,0,1,2,
    0,0,0,0,0,1,2,0,0,
    0,0,0,0,0,0,0,3,4,
    0,0,0,0,0,3,4,0,0,
    0,0,0,1,2,1,2,5,6,
    0,1,2,0,0,5,6,1,2,
    0,0,0,3,4,3,4,7,8,
    0,3,4,0,0,7,8,3,4 ])]).
interpretation( 9, [number=4, seconds=4], [
  function(*(_,_), [
    0,0,0,3,3,5,5,7,8,
    0,1,0,3,3,5,6,7,8,
    0,0,2,3,4,5,5,7,8,
    3,3,3,7,7,0,0,8,5,
    3,4,3,7,7,0,2,8,5,
    5,5,5,0,0,8,8,3,7,
    5,5,6,0,1,8,8,3,7,
    7,7,7,8,8,3,3,5,0,
    8,8,8,5,5,7,7,0,3 ])]).
