interpretation( 7, [number = 1,seconds = 0], [
    function(*(_,_), [
        0,1,2,3,4,5,6,
        1,0,3,2,5,4,6,
        2,4,6,2,6,4,6,
        3,5,6,3,6,5,6,
        4,2,2,6,4,6,6,
        5,3,3,6,5,6,6,
        6,6,6,6,6,6,6])]).
interpretation( 7, [number = 2,seconds = 0], [
    function(*(_,_), [
        0,1,2,3,4,5,6,
        1,0,2,3,4,5,6,
        2,2,2,5,4,5,2,
        3,3,6,4,4,3,4,
        4,4,4,4,4,4,4,
        5,5,2,4,4,5,4,
        6,6,6,3,4,3,6])]).
interpretation( 7, [number = 4,seconds = 0], [
    function(*(_,_), [
        0,1,2,3,4,5,6,
        1,0,2,3,4,5,6,
        2,2,4,5,4,4,2,
        3,3,6,4,4,3,4,
        4,4,4,4,4,4,4,
        5,5,2,4,4,5,4,
        6,6,4,3,4,4,6])]).
interpretation( 7, [number = 7,seconds = 0], [
    function(*(_,_), [
        0,1,2,3,4,5,6,
        1,2,1,1,1,1,1,
        2,1,2,2,2,2,2,
        3,1,2,2,5,2,3,
        4,1,2,6,2,4,2,
        5,1,2,3,2,5,2,
        6,1,2,2,4,2,6])]).
interpretation( 7, [number = 8,seconds = 0], [
    function(*(_,_), [
        0,1,2,3,4,5,6,
        1,2,1,1,1,1,1,
        2,1,2,2,2,2,2,
        3,1,2,2,5,2,3,
        4,1,2,6,4,4,6,
        5,1,2,3,5,5,3,
        6,1,2,2,4,2,6])]).
interpretation( 7, [number = 9,seconds = 0], [
    function(*(_,_), [
        0,1,2,3,4,5,6,
        1,2,1,2,2,1,1,
        2,1,2,1,1,2,2,
        3,2,1,2,5,1,3,
        4,2,1,6,2,4,1,
        5,1,2,3,1,5,2,
        6,1,2,1,4,2,6])]).
interpretation( 7, [number = 14,seconds = 0], [
    function(*(_,_), [
        0,1,2,3,4,5,6,
        1,2,2,4,2,1,2,
        2,2,2,2,2,2,2,
        3,5,2,2,3,2,2,
        4,1,2,2,4,2,2,
        5,2,2,3,2,5,2,
        6,2,2,2,2,2,2])]).
interpretation( 7, [number = 15,seconds = 0], [
    function(*(_,_), [
        0,1,2,3,4,5,6,
        1,2,2,4,2,1,2,
        2,2,2,2,2,2,2,
        3,5,2,2,3,2,5,
        4,1,2,2,4,2,1,
        5,2,2,3,2,5,2,
        6,2,2,4,2,1,2])]).
interpretation( 7, [number = 18,seconds = 0], [
    function(*(_,_), [
        0,1,2,3,4,5,6,
        1,2,2,4,2,1,2,
        2,2,2,2,2,2,2,
        3,5,2,2,3,2,3,
        4,1,2,2,4,2,4,
        5,2,2,3,2,5,2,
        6,1,2,2,4,2,4])]).
interpretation( 7, [number = 20,seconds = 0], [
    function(*(_,_), [
        0,1,2,3,4,5,6,
        1,2,2,4,2,1,1,
        2,2,2,2,2,2,2,
        3,5,2,2,3,2,3,
        4,1,2,2,4,2,4,
        5,2,2,3,2,5,5,
        6,1,2,3,4,5,6])]).
interpretation( 7, [number = 21,seconds = 0], [
    function(*(_,_), [
        0,1,2,3,4,5,6,
        1,2,2,4,2,1,1,
        2,2,2,2,2,2,2,
        3,5,2,2,3,2,2,
        4,1,2,2,4,2,2,
        5,2,2,3,2,5,5,
        6,2,2,3,2,5,6])]).
interpretation( 7, [number = 23,seconds = 0], [
    function(*(_,_), [
        0,1,2,3,4,5,6,
        1,2,2,4,2,1,2,
        2,2,2,2,2,2,2,
        3,5,2,2,3,2,2,
        4,1,2,2,4,2,2,
        5,2,2,3,2,5,2,
        6,2,2,2,2,2,6])]).
interpretation( 7, [number = 24,seconds = 0], [
    function(*(_,_), [
        0,1,2,3,4,5,6,
        1,2,2,4,2,1,2,
        2,2,2,2,2,2,2,
        3,5,2,2,3,2,2,
        4,1,2,2,4,2,2,
        5,2,2,3,2,5,2,
        6,6,6,6,6,6,6])]).
interpretation( 7, [number = 25,seconds = 0], [
    function(*(_,_), [
        0,1,2,3,4,5,6,
        1,2,2,4,2,1,6,
        2,2,2,2,2,2,6,
        3,5,2,2,3,2,6,
        4,1,2,2,4,2,6,
        5,2,2,3,2,5,6,
        6,2,2,2,2,2,6])]).
interpretation( 7, [number = 26,seconds = 0], [
    function(*(_,_), [
        0,1,2,3,4,5,6,
        1,2,2,4,2,1,6,
        2,2,2,2,2,2,6,
        3,5,2,2,3,2,6,
        4,1,2,2,4,2,6,
        5,2,2,3,2,5,6,
        6,6,6,6,6,6,6])]).
interpretation( 7, [number = 30,seconds = 0], [
    function(*(_,_), [
        0,1,2,3,4,5,6,
        1,2,2,4,2,1,2,
        2,2,2,2,2,2,2,
        3,5,2,3,3,5,5,
        4,1,2,4,4,1,1,
        5,2,2,3,2,5,2,
        6,2,2,4,2,1,2])]).
interpretation( 7, [number = 31,seconds = 0], [
    function(*(_,_), [
        0,1,2,3,4,5,6,
        1,2,2,4,2,1,2,
        2,2,2,2,2,2,2,
        3,5,2,3,3,5,2,
        4,1,2,4,4,1,2,
        5,2,2,3,2,5,2,
        6,2,2,2,2,2,2])]).
interpretation( 7, [number = 33,seconds = 0], [
    function(*(_,_), [
        0,1,2,3,4,5,6,
        1,2,2,4,2,1,4,
        2,2,2,2,2,2,2,
        3,5,2,3,3,5,3,
        4,1,2,4,4,1,4,
        5,2,2,3,2,5,3,
        6,5,2,3,3,5,3])]).
interpretation( 7, [number = 34,seconds = 0], [
    function(*(_,_), [
        0,1,2,3,4,5,6,
        1,2,2,4,2,1,2,
        2,2,2,2,2,2,2,
        3,5,2,3,3,5,3,
        4,1,2,4,4,1,4,
        5,2,2,3,2,5,2,
        6,1,2,4,4,1,4])]).
interpretation( 7, [number = 35,seconds = 0], [
    function(*(_,_), [
        0,1,2,3,4,5,6,
        1,2,2,4,2,1,1,
        2,2,2,2,2,2,2,
        3,5,2,3,3,5,5,
        4,1,2,4,4,1,1,
        5,2,2,3,2,5,5,
        6,2,2,3,2,5,5])]).
interpretation( 7, [number = 36,seconds = 0], [
    function(*(_,_), [
        0,1,2,3,4,5,6,
        1,2,2,4,2,1,1,
        2,2,2,2,2,2,2,
        3,5,2,3,3,5,3,
        4,1,2,4,4,1,4,
        5,2,2,3,2,5,5,
        6,1,2,3,4,5,6])]).
interpretation( 7, [number = 37,seconds = 0], [
    function(*(_,_), [
        0,1,2,3,4,5,6,
        1,2,2,4,2,1,1,
        2,2,2,2,2,2,2,
        3,5,2,3,3,5,5,
        4,1,2,4,4,1,1,
        5,2,2,3,2,5,5,
        6,2,2,3,2,5,6])]).
interpretation( 7, [number = 38,seconds = 0], [
    function(*(_,_), [
        0,1,2,3,4,5,6,
        1,2,2,4,2,1,2,
        2,2,2,2,2,2,2,
        3,5,2,3,3,5,3,
        4,1,2,4,4,1,4,
        5,2,2,3,2,5,2,
        6,1,2,4,4,1,6])]).
interpretation( 7, [number = 39,seconds = 0], [
    function(*(_,_), [
        0,1,2,3,4,5,6,
        1,2,2,4,2,1,2,
        2,2,2,2,2,2,2,
        3,5,2,3,3,5,2,
        4,1,2,4,4,1,2,
        5,2,2,3,2,5,2,
        6,2,2,2,2,2,6])]).
interpretation( 7, [number = 40,seconds = 0], [
    function(*(_,_), [
        0,1,2,3,4,5,6,
        1,2,2,4,2,1,2,
        2,2,2,2,2,2,2,
        3,5,2,3,3,5,2,
        4,1,2,4,4,1,2,
        5,2,2,3,2,5,2,
        6,6,6,6,6,6,6])]).
interpretation( 7, [number = 41,seconds = 0], [
    function(*(_,_), [
        0,1,2,3,4,5,6,
        1,2,2,4,2,1,4,
        2,2,2,2,2,2,2,
        3,5,2,3,3,5,3,
        4,1,2,4,4,1,4,
        5,2,2,3,2,5,3,
        6,5,2,3,3,5,6])]).
interpretation( 7, [number = 42,seconds = 0], [
    function(*(_,_), [
        0,1,2,3,4,5,6,
        1,2,2,4,2,1,6,
        2,2,2,2,2,2,6,
        3,5,2,3,3,5,6,
        4,1,2,4,4,1,6,
        5,2,2,3,2,5,6,
        6,2,2,2,2,2,6])]).
interpretation( 7, [number = 43,seconds = 0], [
    function(*(_,_), [
        0,1,2,3,4,5,6,
        1,2,2,4,2,1,6,
        2,2,2,2,2,2,6,
        3,5,2,3,3,5,6,
        4,1,2,4,4,1,6,
        5,2,2,3,2,5,6,
        6,6,6,6,6,6,6])]).
interpretation( 7, [number = 44,seconds = 0], [
    function(*(_,_), [
        0,1,2,3,4,5,6,
        1,2,2,4,2,1,2,
        2,2,2,2,2,2,2,
        3,5,6,3,3,5,6,
        4,1,2,4,4,1,2,
        5,6,6,3,6,5,6,
        6,6,6,6,6,6,6])]).
interpretation( 7, [number = 47,seconds = 0], [
    function(*(_,_), [
        0,1,2,3,4,5,6,
        1,2,2,4,6,1,6,
        2,2,2,6,6,2,6,
        3,5,2,3,3,5,6,
        4,1,2,4,4,1,6,
        5,2,2,3,6,5,6,
        6,2,2,6,6,2,6])]).
interpretation( 7, [number = 48,seconds = 0], [
    function(*(_,_), [
        0,1,2,3,4,5,6,
        1,2,2,5,2,2,1,
        2,2,2,2,2,2,2,
        3,6,4,4,4,3,4,
        4,4,4,4,4,4,4,
        5,1,2,2,2,5,2,
        6,4,4,3,4,4,6])]).
interpretation( 7, [number = 50,seconds = 0], [
    function(*(_,_), [
        0,1,2,3,4,5,6,
        1,2,2,5,4,4,1,
        2,2,2,4,4,4,2,
        3,6,2,4,4,3,2,
        4,2,2,4,4,4,2,
        5,1,2,4,4,5,2,
        6,2,2,3,4,4,6])]).
% isofilter -ignore_constants: input=115, kept=32, checks=104, perms=870, 0.068 seconds.
