interpretation( 10, [number=1, seconds=2], [
  function(*(_,_), [
    0,0,0,0,0,5,5,5,5,5,
    0,0,0,0,1,5,5,5,5,6,
    0,0,0,0,2,5,5,5,5,7,
    0,0,1,1,3,5,5,6,6,8,
    0,0,2,2,4,5,5,7,7,9,
    0,0,0,0,0,5,5,5,5,5,
    0,0,0,1,1,5,5,5,6,6,
    0,0,0,2,2,5,5,5,7,7,
    0,1,1,3,3,5,6,6,8,8,
    0,2,2,4,4,5,7,7,9,9 ])]).
interpretation( 10, [number=2, seconds=1], [
  function(*(_,_), [
    0,0,0,0,0,0,0,0,0,0,
    0,0,0,0,0,0,0,0,1,2,
    0,0,0,0,0,0,1,2,1,2,
    3,3,3,3,3,3,3,3,3,3,
    3,3,3,3,3,3,3,3,4,5,
    3,3,3,3,3,3,4,5,4,5,
    0,0,0,0,1,2,1,2,6,7,
    0,1,2,0,1,2,6,7,6,7,
    3,3,3,3,4,5,4,5,8,9,
    3,4,5,3,4,5,8,9,8,9 ])]).
interpretation( 10, [number=3, seconds=8], [
  function(*(_,_), [
    0,0,0,0,0,5,5,5,5,5,
    0,0,0,0,1,5,5,5,5,6,
    0,0,0,0,2,5,5,5,5,7,
    0,0,1,0,3,5,5,6,5,8,
    0,0,2,0,4,5,5,7,5,9,
    0,0,0,0,0,5,5,5,5,5,
    0,0,0,1,0,5,5,5,6,5,
    0,0,0,2,0,5,5,5,7,5,
    0,1,0,3,1,5,6,5,8,6,
    0,2,0,4,2,5,7,5,9,7 ])]).
interpretation( 10, [number=4, seconds=15], [
  function(*(_,_), [
    0,0,0,0,4,4,4,7,7,7,
    0,1,0,0,4,4,4,7,7,9,
    2,2,2,2,5,5,5,8,8,8,
    2,2,2,3,5,5,6,8,8,8,
    4,4,4,4,7,7,7,0,0,0,
    5,5,5,5,8,8,8,2,2,2,
    5,6,5,5,8,8,8,2,2,3,
    7,7,7,7,0,0,0,4,4,4,
    8,8,8,8,2,2,2,5,5,5,
    7,7,7,9,0,0,1,4,4,4 ])]).
interpretation( 10, [number=5, seconds=6], [
  function(*(_,_), [
    0,0,0,0,0,5,5,5,5,5,
    0,0,0,0,1,5,5,5,5,6,
    0,0,0,0,2,5,5,5,5,7,
    0,0,1,1,3,5,5,6,6,8,
    0,0,2,2,4,5,5,7,7,9,
    0,0,0,0,0,5,5,5,5,5,
    0,0,0,1,0,5,5,5,6,5,
    0,0,0,2,0,5,5,5,7,5,
    0,1,0,3,1,5,6,5,8,6,
    0,2,0,4,2,5,7,5,9,7 ])]).
interpretation( 10, [number=6, seconds=5], [
  function(*(_,_), [
    0,0,0,0,0,0,0,0,0,0,
    0,0,0,0,0,0,0,0,1,2,
    0,0,0,0,0,0,1,2,0,0,
    3,3,3,3,3,3,3,3,3,3,
    3,3,3,3,3,3,3,3,4,5,
    3,3,3,3,3,3,4,5,3,3,
    0,0,0,0,1,2,1,2,6,7,
    0,1,2,0,0,0,6,7,1,2,
    3,3,3,3,4,5,4,5,8,9,
    3,4,5,3,3,3,8,9,4,5 ])]).
interpretation( 10, [number=7, seconds=7], [
  function(*(_,_), [
    0,0,0,0,0,5,5,5,5,5,
    0,0,0,0,1,5,5,5,5,6,
    0,0,0,2,0,5,5,5,7,5,
    0,1,0,3,1,5,6,5,8,6,
    0,0,2,2,4,5,5,7,7,9,
    5,5,5,5,5,0,0,0,0,0,
    5,5,5,6,5,0,0,0,1,0,
    5,5,5,5,7,0,0,0,0,2,
    5,5,6,6,8,0,0,1,1,3,
    5,7,5,9,7,0,2,0,4,2 ])]).
interpretation( 10, [number=8, seconds=3], [
  function(*(_,_), [
    0,0,0,0,0,0,0,0,0,0,
    0,0,0,0,0,0,0,0,1,2,
    0,0,0,0,0,0,1,2,0,0,
    3,3,3,3,3,3,3,3,3,3,
    3,3,3,3,3,3,3,3,4,5,
    3,3,3,3,3,3,4,5,3,3,
    0,0,0,0,1,2,0,0,6,7,
    0,1,2,0,0,0,6,7,1,2,
    3,3,3,3,4,5,3,3,8,9,
    3,4,5,3,3,3,8,9,4,5 ])]).
interpretation( 10, [number=9, seconds=10], [
  function(*(_,_), [
    0,0,0,0,4,4,4,4,8,8,
    0,0,0,1,4,4,4,5,8,8,
    2,2,2,2,6,6,6,6,9,9,
    2,2,2,3,6,6,6,7,9,9,
    0,0,0,4,4,4,4,8,8,8,
    0,1,0,4,4,5,4,8,8,8,
    2,2,2,6,6,6,6,9,9,9,
    2,3,2,6,6,7,6,9,9,9,
    0,4,0,4,4,8,4,8,8,8,
    2,6,2,6,6,9,6,9,9,9 ])]).
interpretation( 10, [number=10, seconds=9], [
  function(*(_,_), [
    0,0,0,0,0,5,5,5,5,5,
    0,0,0,1,2,5,5,5,6,7,
    2,2,2,2,2,6,6,6,6,6,
    2,2,2,3,4,6,6,6,8,9,
    4,4,4,4,4,8,8,8,8,8,
    0,0,0,0,0,5,5,5,5,5,
    2,2,2,2,2,6,6,6,6,6,
    0,1,2,2,2,5,6,7,6,6,
    4,4,4,4,4,8,8,8,8,8,
    2,3,4,4,4,6,8,9,8,8 ])]).
interpretation( 10, [number=11, seconds=11], [
  function(*(_,_), [
    0,0,0,0,0,5,5,5,5,5,
    0,0,0,0,1,5,5,5,5,6,
    0,0,0,2,0,5,5,5,7,5,
    0,1,0,3,0,5,6,5,8,5,
    0,0,2,2,4,5,5,7,7,9,
    5,5,5,5,5,0,0,0,0,0,
    5,5,5,6,5,0,0,0,1,0,
    5,5,5,5,7,0,0,0,0,2,
    5,5,6,6,8,0,0,1,1,3,
    5,7,5,9,5,0,2,0,4,0 ])]).
interpretation( 10, [number=12, seconds=13], [
  function(*(_,_), [
    0,0,0,3,3,5,5,7,8,9,
    0,1,0,3,3,5,6,7,8,9,
    0,0,2,3,4,5,5,7,8,9,
    7,3,7,8,8,9,0,0,3,5,
    7,4,7,8,8,9,2,0,3,5,
    7,7,5,8,0,9,9,0,3,5,
    7,7,6,8,1,9,9,0,3,5,
    7,7,7,8,8,9,9,0,3,5,
    0,8,0,3,3,5,7,7,8,9,
    0,0,9,3,7,5,5,7,8,9 ])]).
interpretation( 10, [number=13, seconds=12], [
  function(*(_,_), [
    0,0,0,0,0,5,5,5,5,5,
    0,1,0,0,4,5,5,5,8,9,
    0,0,2,3,0,5,6,7,5,5,
    3,3,3,3,3,6,6,6,6,6,
    4,4,4,4,4,8,8,8,8,8,
    5,5,5,5,5,0,0,0,0,0,
    6,6,6,6,6,3,3,3,3,3,
    6,7,6,6,5,3,3,3,0,2,
    8,8,8,8,8,4,4,4,4,4,
    8,8,9,5,8,4,0,1,4,4 ])]).
interpretation( 10, [number=14, seconds=4], [
  function(*(_,_), [
    0,0,0,3,3,5,5,7,8,9,
    0,1,0,3,3,5,6,7,8,9,
    0,0,2,3,4,5,5,7,8,9,
    3,3,3,7,7,0,0,8,9,5,
    3,4,3,7,7,0,2,8,9,5,
    5,5,5,0,0,9,9,3,7,8,
    5,5,6,0,1,9,9,3,7,8,
    7,7,7,8,8,3,3,9,5,0,
    8,8,8,9,9,7,7,5,0,3,
    9,9,9,5,5,8,8,0,3,7 ])]).
interpretation( 10, [number=15, seconds=4], [
  function(*(_,_), [
    0,0,2,2,4,4,6,6,8,9,
    0,1,2,2,4,4,6,7,8,9,
    0,0,2,2,4,4,6,6,8,9,
    0,0,2,3,4,5,6,6,8,9,
    4,4,8,8,9,9,2,2,6,0,
    4,5,8,8,9,9,2,3,6,0,
    9,9,6,6,0,0,8,8,2,4,
    9,9,6,7,0,1,8,8,2,4,
    4,4,8,8,9,9,2,2,6,0,
    9,9,6,6,0,0,8,8,2,4 ])]).
