interpretation( 6, [number=1, seconds=2], [
  function(*(_,_), [
    0,0,0,0,0,0,
    0,0,0,0,1,2,
    0,1,2,0,0,0,
    3,3,3,3,3,3,
    3,3,3,3,4,5,
    3,4,5,3,3,3])]).
interpretation( 6, [number=2, seconds=1], [
  function(*(_,_), [
    0,0,0,3,3,3,
    0,0,1,3,3,4,
    0,0,2,3,3,5,
    0,0,0,3,3,3,
    0,1,0,3,4,3,
    0,2,0,3,5,3])]).
interpretation( 6, [number=3, seconds=4], [
  function(*(_,_), [
    0,0,0,3,3,3,
    0,0,1,3,3,4,
    0,0,2,3,3,5,
    0,0,0,3,3,3,
    0,1,1,3,4,4,
    0,2,2,3,5,5])]).
interpretation( 6, [number=4, seconds=3], [
  function(*(_,_), [
    0,0,0,0,0,0,
    0,0,0,0,1,2,
    0,1,2,0,1,2,
    3,3,3,3,3,3,
    3,3,3,3,4,5,
    3,4,5,3,4,5])]).
interpretation( 6, [number=5, seconds=5], [
  function(*(_,_), [
    0,0,0,3,3,3,
    0,1,0,3,3,5,
    0,0,2,3,4,3,
    3,3,3,0,0,0,
    3,4,3,0,0,2,
    3,3,5,0,1,0])]).
