interpretation( 11, [number=1, seconds=2], [
  function(*(_,_), [
    0,0,0,0,0,5,5,5,5,5,10,
    0,0,0,0,1,5,5,5,5,6,10,
    0,0,0,0,2,5,5,5,5,7,10,
    0,0,1,1,3,5,5,6,6,8,10,
    0,0,2,2,4,5,5,7,7,9,10,
    0,0,0,0,5,5,5,5,5,10,10,
    0,0,0,1,5,5,5,5,6,10,10,
    0,0,0,2,5,5,5,5,7,10,10,
    0,1,0,3,5,5,6,5,8,10,10,
    0,2,0,4,5,5,7,5,9,10,10,
    0,0,0,5,5,5,5,5,10,10,10 ])]).
interpretation( 11, [number=3, seconds=3], [
  function(*(_,_), [
    0,0,0,0,4,4,4,4,8,8,8,
    0,0,0,1,4,4,4,5,8,8,8,
    0,1,2,1,4,5,4,5,8,8,10,
    0,0,0,3,4,4,6,7,8,9,8,
    4,4,4,4,8,8,8,8,0,0,0,
    4,4,5,4,8,8,8,8,0,0,1,
    4,4,4,6,8,8,8,9,0,0,0,
    4,6,7,6,8,9,8,9,0,0,3,
    8,8,8,8,0,0,0,0,4,4,4,
    8,8,9,8,0,0,0,0,4,4,6,
    8,8,8,10,0,0,1,2,4,5,4 ])]).
interpretation( 11, [number=4, seconds=4], [
  function(*(_,_), [
    0,0,0,3,3,5,5,7,8,9,10,
    0,1,0,3,3,5,6,7,8,9,10,
    0,0,2,3,4,5,5,7,8,9,10,
    3,3,3,7,7,0,0,8,9,10,5,
    3,4,3,7,7,0,2,8,9,10,5,
    5,5,5,0,0,10,10,3,7,8,9,
    5,5,6,0,1,10,10,3,7,8,9,
    7,7,7,8,8,3,3,9,10,5,0,
    8,8,8,9,9,7,7,10,5,0,3,
    9,9,9,10,10,8,8,5,0,3,7,
    10,10,10,5,5,9,9,0,3,7,8 ])]).
