interpretation( 11, [number=1, seconds=2], [
  function(*(_,_), [
    0,0,0,0,0,0,6,6,6,6,6,
    0,0,0,0,1,1,6,6,6,6,7,
    0,0,0,0,2,2,6,6,6,6,8,
    0,0,1,1,3,3,6,6,7,7,9,
    0,0,2,2,4,4,6,6,8,8,10,
    0,1,2,3,4,5,6,7,8,9,10,
    0,0,0,0,0,6,6,6,6,6,6,
    0,0,0,1,1,7,6,6,6,7,7,
    0,0,0,2,2,8,6,6,6,8,8,
    0,1,1,3,3,9,6,7,7,9,9,
    0,2,2,4,4,10,6,8,8,10,10])]).
interpretation( 11, [number=3, seconds=8], [
  function(*(_,_), [
    0,0,0,0,0,0,6,6,6,6,6,
    0,0,0,0,1,1,6,6,6,6,7,
    0,0,0,0,2,2,6,6,6,6,8,
    0,0,1,0,3,3,6,6,7,6,9,
    0,0,2,0,4,4,6,6,8,6,10,
    0,1,2,3,4,5,6,7,8,9,10,
    0,0,0,0,0,6,6,6,6,6,6,
    0,0,0,1,0,7,6,6,6,7,6,
    0,0,0,2,0,8,6,6,6,8,6,
    0,1,0,3,1,9,6,7,6,9,7,
    0,2,0,4,2,10,6,8,6,10,8])]).
interpretation( 11, [number=4, seconds=15], [
  function(*(_,_), [
    0,0,0,0,0,5,5,5,8,8,8,
    0,1,0,0,1,5,5,5,8,8,10,
    2,2,2,2,2,6,6,6,9,9,9,
    2,2,2,3,3,6,6,7,9,9,9,
    0,1,2,3,4,5,6,7,8,9,10,
    5,5,5,5,5,8,8,8,0,0,0,
    6,6,6,6,6,9,9,9,2,2,2,
    6,7,6,6,7,9,9,9,2,2,3,
    8,8,8,8,8,0,0,0,5,5,5,
    9,9,9,9,9,2,2,2,6,6,6,
    8,8,8,10,10,0,0,1,5,5,5])]).
interpretation( 11, [number=5, seconds=6], [
  function(*(_,_), [
    0,0,0,0,0,0,6,6,6,6,6,
    0,0,0,0,1,1,6,6,6,6,7,
    0,0,0,0,2,2,6,6,6,6,8,
    0,0,1,1,3,3,6,6,7,7,9,
    0,0,2,2,4,4,6,6,8,8,10,
    0,1,2,3,4,5,6,7,8,9,10,
    0,0,0,0,0,6,6,6,6,6,6,
    0,0,0,1,0,7,6,6,6,7,6,
    0,0,0,2,0,8,6,6,6,8,6,
    0,1,0,3,1,9,6,7,6,9,7,
    0,2,0,4,2,10,6,8,6,10,8])]).
interpretation( 11, [number=7, seconds=7], [
  function(*(_,_), [
    0,0,0,0,0,0,6,6,6,6,6,
    0,0,0,0,1,1,6,6,6,6,7,
    0,0,0,2,0,2,6,6,6,8,6,
    0,1,0,3,1,3,6,7,6,9,7,
    0,0,2,2,4,4,6,6,8,8,10,
    0,1,2,3,4,5,6,7,8,9,10,
    6,6,6,6,6,6,0,0,0,0,0,
    6,6,6,7,6,7,0,0,0,1,0,
    6,6,6,6,8,8,0,0,0,0,2,
    6,6,7,7,9,9,0,0,1,1,3,
    6,8,6,10,8,10,0,2,0,4,2])]).
interpretation( 11, [number=9, seconds=10], [
  function(*(_,_), [
    0,0,0,0,0,5,5,5,5,9,9,
    0,0,0,1,1,5,5,5,6,9,9,
    2,2,2,2,2,7,7,7,7,10,10,
    0,1,2,3,4,5,6,7,8,9,10,
    2,2,2,4,4,7,7,7,8,10,10,
    0,0,0,5,5,5,5,5,9,9,9,
    0,1,0,6,5,5,6,5,9,9,9,
    2,2,2,7,7,7,7,7,10,10,10,
    2,4,2,8,7,7,8,7,10,10,10,
    0,5,0,9,5,5,9,5,9,9,9,
    2,7,2,10,7,7,10,7,10,10,10])]).
interpretation( 11, [number=11, seconds=11], [
  function(*(_,_), [
    0,0,0,0,0,0,6,6,6,6,6,
    0,0,0,0,1,1,6,6,6,6,7,
    0,0,0,2,0,2,6,6,6,8,6,
    0,1,0,3,0,3,6,7,6,9,6,
    0,0,2,2,4,4,6,6,8,8,10,
    0,1,2,3,4,5,6,7,8,9,10,
    6,6,6,6,6,6,0,0,0,0,0,
    6,6,6,7,6,7,0,0,0,1,0,
    6,6,6,6,8,8,0,0,0,0,2,
    6,6,7,7,9,9,0,0,1,1,3,
    6,8,6,10,6,10,0,2,0,4,0])]).
interpretation( 11, [number=12, seconds=13], [
  function(*(_,_), [
    0,0,0,0,4,4,6,6,8,9,10,
    0,1,0,1,4,4,6,7,8,9,10,
    0,0,2,2,4,5,6,6,8,9,10,
    0,1,2,3,4,5,6,7,8,9,10,
    8,4,8,4,9,9,10,0,0,4,6,
    8,5,8,5,9,9,10,2,0,4,6,
    8,8,6,6,9,0,10,10,0,4,6,
    8,8,7,7,9,1,10,10,0,4,6,
    8,8,8,8,9,9,10,10,0,4,6,
    0,9,0,9,4,4,6,8,8,9,10,
    0,0,10,10,4,8,6,6,8,9,10])]).
interpretation( 11, [number=14, seconds=14], [
  function(*(_,_), [
    0,0,0,0,4,4,6,6,8,9,10,
    0,1,0,1,4,4,6,7,8,9,10,
    0,0,2,2,4,5,6,6,8,9,10,
    0,1,2,3,4,5,6,7,8,9,10,
    4,4,4,4,8,8,0,0,9,10,6,
    4,5,4,5,8,8,0,2,9,10,6,
    6,6,6,6,0,0,10,10,4,8,9,
    6,6,7,7,0,1,10,10,4,8,9,
    8,8,8,8,9,9,4,4,10,6,0,
    9,9,9,9,10,10,8,8,6,0,4,
    10,10,10,10,6,6,9,9,0,4,8])]).
