interpretation( 7, [number=1, seconds=2], [
  function(*(_,_), [
    0,0,0,0,0,0,0,
    0,0,0,0,1,1,2,
    0,1,2,0,0,2,0,
    3,3,3,3,3,3,3,
    3,3,3,3,4,4,6,
    0,1,2,3,4,5,6,
    3,4,6,3,3,6,3])]).
interpretation( 7, [number=3, seconds=4], [
  function(*(_,_), [
    0,0,0,0,4,4,4,
    0,0,1,1,4,4,5,
    0,0,2,2,4,4,6,
    0,1,2,3,4,5,6,
    0,0,0,4,4,4,4,
    0,1,1,5,4,5,5,
    0,2,2,6,4,6,6])]).
interpretation( 7, [number=5, seconds=5], [
  function(*(_,_), [
    0,0,0,0,4,4,4,
    0,1,0,1,4,4,6,
    0,0,2,2,4,5,4,
    0,1,2,3,4,5,6,
    4,4,4,4,0,0,0,
    4,5,4,5,0,0,2,
    4,4,6,6,0,1,0])]).
