interpretation( 12, [number=1, seconds=2], [
  function(*(_,_), [
    0,0,0,0,0,0,6,6,6,6,6,11,
    0,0,0,0,1,1,6,6,6,6,7,11,
    0,0,0,0,2,2,6,6,6,6,8,11,
    0,0,1,1,3,3,6,6,7,7,9,11,
    0,0,2,2,4,4,6,6,8,8,10,11,
    0,1,2,3,4,5,6,7,8,9,10,11,
    0,0,0,0,6,6,6,6,6,6,11,11,
    0,0,0,1,6,7,6,6,6,7,11,11,
    0,0,0,2,6,8,6,6,6,8,11,11,
    0,1,0,3,6,9,6,7,6,9,11,11,
    0,2,0,4,6,10,6,8,6,10,11,11,
    0,0,0,6,6,11,6,6,6,11,11,11])]).
interpretation( 12, [number=3, seconds=3], [
  function(*(_,_), [
    0,0,0,0,0,5,5,5,5,9,9,9,
    0,0,0,1,1,5,5,5,6,9,9,9,
    0,1,2,1,2,5,6,5,6,9,9,11,
    0,0,0,3,3,5,5,7,8,9,10,9,
    0,1,2,3,4,5,6,7,8,9,10,11,
    5,5,5,5,5,9,9,9,9,0,0,0,
    5,5,6,5,6,9,9,9,9,0,0,1,
    5,5,5,7,7,9,9,9,10,0,0,0,
    5,7,8,7,8,9,10,9,10,0,0,3,
    9,9,9,9,9,0,0,0,0,5,5,5,
    9,9,10,9,10,0,0,0,0,5,5,7,
    9,9,9,11,11,0,0,1,2,5,6,5])]).
interpretation( 12, [number=4, seconds=4], [
  function(*(_,_), [
    0,0,0,0,4,4,6,6,8,9,10,11,
    0,1,0,1,4,4,6,7,8,9,10,11,
    0,0,2,2,4,5,6,6,8,9,10,11,
    0,1,2,3,4,5,6,7,8,9,10,11,
    4,4,4,4,8,8,0,0,9,10,11,6,
    4,5,4,5,8,8,0,2,9,10,11,6,
    6,6,6,6,0,0,11,11,4,8,9,10,
    6,6,7,7,0,1,11,11,4,8,9,10,
    8,8,8,8,9,9,4,4,10,11,6,0,
    9,9,9,9,10,10,8,8,11,6,0,4,
    10,10,10,10,11,11,9,9,6,0,4,8,
    11,11,11,11,6,6,10,10,0,4,8,9])]).
