nohup: ignoring input
============================== Mace4 =================================
Mace4 (64) version 2017-11A (UNM), November 2017.
Process 1222769 was started by uabcoimbra on bigbox1,
Sat Nov  2 06:31:51 2024
The command was "mace4 -n11 -P1 -m-1 -O0 -M3 -f inputs/qg5.in".
============================== end of head ===========================

============================== INPUT =================================

% Reading from file inputs/qg5.in


formulas(assumptions).
x * y = x * z -> y = z.
x * y = z * y -> x = z.
((y * x) * y) * y = x.
end_of_list.
    % assign(domain_size, 11) -> assign(start_size, 11).
    % assign(domain_size, 11) -> assign(end_size, 11).

% From the command line: assign(domain_size, 11).
    % set(print_models) -> clear(print_models_tabular).

% From the command line: set(print_models).

% From the command line: assign(max_models, -1).

% From the command line: assign(selection_order, 0).

% From the command line: assign(selection_measure, 3).

============================== end of input ==========================

============================== PROCESS NON-CLAUSAL FORMULAS ==========

% Formulas that are not ordinary clauses:
1 x * y = x * z -> y = z # label(non_clause).  [assumption].
2 x * y = z * y -> x = z # label(non_clause).  [assumption].

============================== end of process non-clausal formulas ===

============================== CLAUSES FOR SEARCH ====================

formulas(mace4_clauses).
x * y != x * z | y = z.
x * y != z * y | x = z.
((x * y) * x) * x = y.
end_of_list.

============================== end of clauses for search =============

% There are no natural numbers in the input.

============================== DOMAIN SIZE 11 ========================

=== Mace4 starting on domain size 11. ===

============================== MODEL =================================

interpretation( 11, [number=1, seconds=6095], [

        function(*(_,_), [
			   0, 2, 5, 4, 1, 3, 7,10, 9, 6, 8,
			   5, 1, 6, 8, 7, 2,10, 9, 4, 3, 0,
			   3,10, 2, 5, 9, 7, 4, 8, 0, 1, 6,
			   1, 4, 7, 3, 8, 9, 0, 5, 6,10, 2,
			   2, 9, 1, 6, 4,10, 8, 0, 5, 7, 3,
			   4, 6, 8,10, 3, 5, 2, 1, 7, 0, 9,
			  10, 0, 9, 1, 5, 8, 6, 3, 2, 4, 7,
			   8, 3, 0, 9, 2, 6, 1, 7,10, 5, 4,
			   6, 7, 3, 0,10, 1, 9, 4, 8, 2, 5,
			   7, 8,10, 2, 0, 4, 5, 6, 3, 9, 1,
			   9, 5, 4, 7, 6, 0, 3, 2, 1, 8,10 ])
]).

============================== end of model ==========================

============================== MODEL =================================

interpretation( 11, [number=2, seconds=6095], [

        function(*(_,_), [
			   0, 2, 5, 4, 1, 3, 7,10, 9, 6, 8,
			   5, 1, 7, 9,10, 2, 3, 8, 0, 4, 6,
			   3, 8, 2, 5, 6,10, 1, 4, 7, 0, 9,
			   1, 4,10, 3, 9, 6, 8, 0, 2, 7, 5,
			   2, 6, 1, 7, 4, 8,10, 9, 3, 5, 0,
			   4, 7, 9, 8, 3, 5, 0, 2, 6,10, 1,
			  10, 9, 8, 2, 0, 4, 6, 5, 1, 3, 7,
			   8, 0, 6, 1, 5, 9, 4, 7,10, 2, 3,
			   6, 5, 4,10, 7, 0, 9, 3, 8, 1, 2,
			   7,10, 3, 0, 8, 1, 2, 6, 5, 9, 4,
			   9, 3, 0, 6, 2, 7, 5, 1, 4, 8,10 ])
]).

============================== end of model ==========================

============================== MODEL =================================

interpretation( 11, [number=3, seconds=6095], [

        function(*(_,_), [
			   0, 2, 5, 4, 1, 3, 7,10, 9, 6, 8,
			   5, 1, 8, 7, 9, 2, 0, 4, 6,10, 3,
			   3, 6, 2, 5,10, 9, 8, 0, 4, 7, 1,
			   1, 4, 9, 3, 7,10, 2, 8, 0, 5, 6,
			   2,10, 1, 8, 4, 6, 3, 5, 7, 0, 9,
			   4, 8, 7, 6, 3, 5,10, 9, 2, 1, 0,
			  10, 5, 4, 9, 8, 0, 6, 1, 3, 2, 7,
			   8, 9, 3, 0, 6, 1, 5, 7,10, 4, 2,
			   6, 0,10, 1, 5, 7, 9, 2, 8, 3, 4,
			   7, 3, 0,10, 2, 8, 4, 6, 1, 9, 5,
			   9, 7, 6, 2, 0, 4, 1, 3, 5, 8,10 ])
]).

============================== end of model ==========================

============================== MODEL =================================

interpretation( 11, [number=4, seconds=6095], [

        function(*(_,_), [
			   0, 2, 5, 4, 1, 3, 7,10, 9, 6, 8,
			   5, 1, 9,10, 6, 2, 8, 0, 3, 7, 4,
			   3, 7, 2, 5, 8, 6,10, 9, 1, 4, 0,
			   1, 4, 6, 3,10, 8, 5, 2, 7, 0, 9,
			   2, 8, 1, 9, 4, 7, 0, 3, 6,10, 5,
			   4, 9,10, 7, 3, 5, 1, 8, 0, 2, 6,
			  10, 3, 0, 8, 2, 9, 6, 4, 5, 1, 7,
			   8, 5, 4, 6, 9, 0, 2, 7,10, 3, 1,
			   6,10, 7, 2, 0, 4, 9, 1, 8, 5, 3,
			   7, 0, 8, 1, 5,10, 3, 6, 4, 9, 2,
			   9, 6, 3, 0, 7, 1, 4, 5, 2, 8,10 ])
]).

============================== end of model ==========================

============================== MODEL =================================

interpretation( 11, [number=5, seconds=6095], [

        function(*(_,_), [
			   0, 2, 5, 4, 1, 3, 7,10, 9, 6, 8,
			   5, 1,10, 6, 8, 2, 4, 3, 7, 0, 9,
			   3, 9, 2, 5, 7, 8, 0, 1, 6,10, 4,
			   1, 4, 8, 3, 6, 7,10, 9, 5, 2, 0,
			   2, 7, 1,10, 4, 9, 5, 8, 0, 3, 6,
			   4,10, 6, 9, 3, 5, 8, 0, 1, 7, 2,
			  10, 8, 3, 0, 9, 1, 6, 2, 4, 5, 7,
			   8, 6, 9, 2, 0, 4, 3, 7,10, 1, 5,
			   6, 3, 0, 7, 2,10, 9, 5, 8, 4, 1,
			   7, 5, 4, 8,10, 0, 1, 6, 2, 9, 3,
			   9, 0, 7, 1, 5, 6, 2, 4, 3, 8,10 ])
]).

============================== end of model ==========================

============================== STATISTICS ============================

For domain size 11.

Current CPU time: 0.00 seconds (total CPU time: 6773.03 seconds).
Ground clauses: seen=2783, kept=2541.
Selections=2436119, assignments=26796856, propagations=54157594, current_models=5.
Rewrite_terms=94646017, rewrite_bools=538280750, indexes=1316728825.
Rules_from_neg_clauses=377254770, cross_offs=547737082.

============================== end of statistics =====================

------ process 1222769 exit (all_models) ------

User_CPU=6773.03, System_CPU=0.89, Wall_clock=6773.

Exiting with 5 models.

Process 1222769 exit (all_models) Sat Nov  2 08:24:44 2024
The process finished Sat Nov  2 08:24:44 2024
