============================== Mace4c ==========================================
Mace4c (64) version 2023-09-A SEP 2023
Universidade Aberta
Process 1219931 was started by uabcoimbra on bigbox1
Fri Nov  1 17:37:25 2024
The command was "bin/mace4c -n9 -P1 -W-1 -O0 -M3 -m-1 -f inputs/qg5.in"
============================== end of head =====================================


============================== INPUT ===========================================

% Reading from file inputs/qg5.in


formulas(assumptions).
x * y = x * z -> y = z.
x * y = z * y -> x = z.
((x * y) * x) * x = y.
end_of_list.
assign(domain_size,9) -> assign(start_size,9)
assign(domain_size,9) -> assign(end_size,9)

% From the command line: assign(domain_size, 9).
% set(print_models) -> assign(print_models_interp,0)
% set(print_models) -> clear(print_models_tabular)

% From the command line: set(print_models).

% From the command line: assign(filter_models, -1).

% From the command line: assign(selection_order, 0).

% From the command line: assign(selection_measure, 3).

% From the command line: assign(max_models, -1).

============================== end of input ====================================

============================== PROCESS NON-CLAUSAL FORMULAS ====================

% Formulas that are not ordinary clauses:
1 x * y = x * z -> y = z # label(non_clause).  [assumption].
2 x * y = z * y -> x = z # label(non_clause).  [assumption].

============================== end of process non-clausal formulas =============

============================== CLAUSES FOR SEARCH ==============================

formulas(mace4_clauses)
x * y != x * z | y = z.
x * y != z * y | x = z.
((x * y) * x) * x = y.
end_of_list.

============================== end of clauses for search =======================

% There are no natural numbers in the input.
% Search setting: isomorph_free (bool) 1
% Search setting: lexmin ordering in search (bool) 0

============================== DOMAIN SIZE 9 ===================================

=== Mace4 starting on domain size 9 ===

debug constructor Cube*********************** cubes_options 0 max_pos = 0
0|*|0  1|*|10  2|*|1  3|*|9  4|*|20  5|*|2  6|*|18  7|*|11  8|*|19  9|*|30  10|*|3  11|*|27  12|*|12  13|*|28  14|*|21  15|*|29  16|*|40  17|*|4  18|*|36  19|*|13  20|*|37  21|*|22  22|*|38  23|*|31  24|*|39  25|*|50  26|*|5  27|*|45  28|*|14  29|*|46  30|*|23  31|*|47  32|*|32  33|*|48  34|*|41  35|*|49  36|*|60  37|*|6  38|*|54  39|*|15  40|*|55  41|*|24  42|*|56  43|*|33  44|*|57  45|*|42  46|*|58  47|*|51  48|*|59  49|*|70  50|*|7  51|*|63  52|*|16  53|*|64  54|*|25  55|*|65  56|*|34  57|*|66  58|*|43  59|*|67  60|*|52  61|*|68  62|*|61  63|*|69  64|*|80  Debug order_cells ********************
0|0  1|2  2|5  3|10  4|17  5|26  6|37  7|50  8|65  9|3  10|1  11|7  12|12  13|19  14|28  15|39  16|52  17|67  18|6  19|8  20|4  21|14  22|21  23|30  24|41  25|54  26|69  27|11  28|13  29|15  30|9  31|23  32|32  33|43  34|56  35|71  36|18  37|20  38|22  39|24  40|16  41|34  42|45  43|58  44|73  45|27  46|29  47|31  48|33  49|35  50|25  51|47  52|60  53|75  54|38  55|40  56|42  57|44  58|46  59|48  60|36  61|62  62|77  63|51  64|53  Debug real_depths end ******************** mult_table_size: 81 Number_of_cells:162
Debug ******************** cut_off: 72

============================== MODEL ===========================================

interpretation( 9, [number=1, seconds=0], [

        function(*(_,_), [
			   0, 1, 2, 3, 4, 5, 6, 7, 8,
			   1, 2, 0, 4, 5, 3, 7, 8, 6,
			   2, 0, 1, 5, 3, 4, 8, 6, 7,
			   3, 4, 5, 6, 7, 8, 0, 1, 2,
			   4, 5, 3, 7, 8, 6, 1, 2, 0,
			   5, 3, 4, 8, 6, 7, 2, 0, 1,
			   6, 7, 8, 0, 1, 2, 3, 4, 5,
			   7, 8, 6, 1, 2, 0, 4, 5, 3,
			   8, 6, 7, 2, 0, 1, 5, 3, 4 ])
]).

============================== end of model ====================================
Model 1 has been found.   Fri Nov  1 17:37:25 2024


============================== MODEL ===========================================

interpretation( 9, [number=2, seconds=0], [

        function(*(_,_), [
			   0, 1, 2, 3, 4, 5, 7, 8, 6,
			   1, 6, 3, 8, 7, 4, 0, 5, 2,
			   2, 3, 5, 4, 1, 0, 6, 7, 8,
			   3, 8, 4, 7, 6, 1, 2, 0, 5,
			   4, 7, 1, 6, 8, 3, 5, 2, 0,
			   5, 4, 0, 1, 3, 2, 8, 6, 7,
			   7, 0, 6, 2, 5, 8, 3, 1, 4,
			   8, 5, 7, 0, 2, 6, 1, 4, 3,
			   6, 2, 8, 5, 0, 7, 4, 3, 1 ])
]).

============================== end of model ====================================

============================== MODEL ===========================================

interpretation( 9, [number=3, seconds=0], [

        function(*(_,_), [
			   0, 1, 2, 4, 5, 3, 7, 8, 6,
			   1, 2, 0, 3, 4, 5, 8, 6, 7,
			   2, 0, 1, 5, 3, 4, 6, 7, 8,
			   4, 3, 5, 7, 6, 8, 0, 1, 2,
			   5, 4, 3, 6, 8, 7, 2, 0, 1,
			   3, 5, 4, 8, 7, 6, 1, 2, 0,
			   7, 8, 6, 0, 2, 1, 4, 3, 5,
			   8, 6, 7, 1, 0, 2, 3, 5, 4,
			   6, 7, 8, 2, 1, 0, 5, 4, 3 ])
]).

============================== end of model ====================================

============================== MODEL ===========================================

interpretation( 9, [number=4, seconds=0], [

        function(*(_,_), [
			   0, 1, 2, 4, 5, 3, 7, 8, 6,
			   1, 2, 0, 5, 3, 4, 8, 6, 7,
			   2, 0, 1, 3, 4, 5, 6, 7, 8,
			   4, 5, 3, 8, 6, 7, 0, 1, 2,
			   5, 3, 4, 6, 7, 8, 1, 2, 0,
			   3, 4, 5, 7, 8, 6, 2, 0, 1,
			   7, 8, 6, 0, 1, 2, 5, 3, 4,
			   8, 6, 7, 1, 2, 0, 3, 4, 5,
			   6, 7, 8, 2, 0, 1, 4, 5, 3 ])
]).

============================== end of model ====================================

============================== STATISTICS ======================================

For domain size 9.

Current CPU time: 0.00 seconds (total CPU time: 0.77 seconds).
Ground clauses: seen=1539, kept=1377.
Selections=489, assignments=4266, propagations=9117, current_models=4.
Rewrite_terms=10754015, rewrite_bools=3537475, indexes=312298.
Rules_from_neg_clauses=119616, cross_offs=2858293.
Number of cubes processed: 635, Number of cubes cut: 146

============================== end of statistics ===============================
Total lexmin time 0.000000 seconds
Total model time 0.000000 seconds
Total # lexmin model calls 0

Maximum resident size: 0.006576 GB

=====================================

User_CPU=0.77, System_CPU=0.00, Wall_clock=1.

Exiting with 4 models.

------ process 1219931 exit (all_models) ------

Process 1219931 exit (all_models) Fri Nov  1 17:37:26 2024
The process finished Fri Nov  1 17:37:26 2024
