============================== Mace4c ==========================================
Mace4c (64) version 2023-09-A SEP 2023
Universidade Aberta
Process 1219970 was started by uabcoimbra on bigbox1
Fri Nov  1 17:40:35 2024
The command was "bin/mace4c -n5 -P1 -W-1 -O0 -M3 -m-1 -f inputs/qg5.in"
============================== end of head =====================================


============================== INPUT ===========================================

% Reading from file inputs/qg5.in


formulas(assumptions).
x * y = x * z -> y = z.
x * y = z * y -> x = z.
((x * y) * x) * x = y.
end_of_list.
assign(domain_size,5) -> assign(start_size,5)
assign(domain_size,5) -> assign(end_size,5)

% From the command line: assign(domain_size, 5).
% set(print_models) -> assign(print_models_interp,0)
% set(print_models) -> clear(print_models_tabular)

% From the command line: set(print_models).

% From the command line: assign(filter_models, -1).

% From the command line: assign(selection_order, 0).

% From the command line: assign(selection_measure, 3).

% From the command line: assign(max_models, -1).

============================== end of input ====================================

============================== PROCESS NON-CLAUSAL FORMULAS ====================

% Formulas that are not ordinary clauses:
1 x * y = x * z -> y = z # label(non_clause).  [assumption].
2 x * y = z * y -> x = z # label(non_clause).  [assumption].

============================== end of process non-clausal formulas =============

============================== CLAUSES FOR SEARCH ==============================

formulas(mace4_clauses)
x * y != x * z | y = z.
x * y != z * y | x = z.
((x * y) * x) * x = y.
end_of_list.

============================== end of clauses for search =======================

% There are no natural numbers in the input.
% Search setting: isomorph_free (bool) 1
% Search setting: lexmin ordering in search (bool) 0

============================== DOMAIN SIZE 5 ===================================

=== Mace4 starting on domain size 5 ===

debug constructor Cube*********************** cubes_options 0 max_pos = 0
0|*|0  1|*|6  2|*|1  3|*|5  4|*|12  5|*|2  6|*|10  7|*|7  8|*|11  9|*|18  10|*|3  11|*|15  12|*|8  13|*|16  14|*|13  15|*|17  16|*|24  17|*|4  18|*|20  19|*|9  20|*|21  21|*|14  22|*|22  23|*|19  24|*|23  Debug order_cells ********************
0|0  1|2  2|5  3|10  4|17  5|3  6|1  7|7  8|12  9|19  10|6  11|8  12|4  13|14  14|21  15|11  16|13  17|15  18|9  19|23  20|18  21|20  22|22  23|24  24|16  Debug real_depths end ******************** mult_table_size: 25 Number_of_cells:50
Debug ******************** cut_off: 22

============================== MODEL ===========================================

interpretation( 5, [number=1, seconds=0], [

        function(*(_,_), [
			   0, 2, 1, 4, 3,
			   4, 1, 3, 2, 0,
			   3, 4, 2, 0, 1,
			   1, 0, 4, 3, 2,
			   2, 3, 0, 1, 4 ])
]).

============================== end of model ====================================
Model 1 has been found.   Fri Nov  1 17:40:35 2024


============================== STATISTICS ======================================

For domain size 5.

Current CPU time: 0.00 seconds (total CPU time: 0.00 seconds).
Ground clauses: seen=275, kept=225.
Selections=15, assignments=65, propagations=158, current_models=1.
Rewrite_terms=28279, rewrite_bools=6448, indexes=1659.
Rules_from_neg_clauses=639, cross_offs=8934.
Number of cubes processed: 17, Number of cubes cut: 2

============================== end of statistics ===============================
Total lexmin time 0.000000 seconds
Total model time 0.000000 seconds
Total # lexmin model calls 0

Maximum resident size: 0.005864 GB

=====================================

User_CPU=0.00, System_CPU=0.00, Wall_clock=0.

Exiting with 1 model.

------ process 1219970 exit (all_models) ------

Process 1219970 exit (all_models) Fri Nov  1 17:40:35 2024
The process finished Fri Nov  1 17:40:35 2024
