============================== Mace4c ==========================================
Mace4c (64) version 2023-09-A SEP 2023
Universidade Aberta
Process 1219882 was started by uabcoimbra on bigbox1
Fri Nov  1 17:33:34 2024
The command was "bin/mace4c -n12 -P1 -W-1 -O0 -M3 -m-1 -f inputs/qg5.in"
============================== end of head =====================================


============================== INPUT ===========================================

% Reading from file inputs/qg5.in


formulas(assumptions).
x * y = x * z -> y = z.
x * y = z * y -> x = z.
((x * y) * x) * x = y.
end_of_list.
assign(domain_size,12) -> assign(start_size,12)
assign(domain_size,12) -> assign(end_size,12)

% From the command line: assign(domain_size, 12).
% set(print_models) -> assign(print_models_interp,0)
% set(print_models) -> clear(print_models_tabular)

% From the command line: set(print_models).

% From the command line: assign(filter_models, -1).

% From the command line: assign(selection_order, 0).

% From the command line: assign(selection_measure, 3).

% From the command line: assign(max_models, -1).

============================== end of input ====================================

============================== PROCESS NON-CLAUSAL FORMULAS ====================

% Formulas that are not ordinary clauses:
1 x * y = x * z -> y = z # label(non_clause).  [assumption].
2 x * y = z * y -> x = z # label(non_clause).  [assumption].

============================== end of process non-clausal formulas =============

============================== CLAUSES FOR SEARCH ==============================

formulas(mace4_clauses)
x * y != x * z | y = z.
x * y != z * y | x = z.
((x * y) * x) * x = y.
end_of_list.

============================== end of clauses for search =======================

% There are no natural numbers in the input.
% Search setting: isomorph_free (bool) 1
% Search setting: lexmin ordering in search (bool) 0

============================== DOMAIN SIZE 12 ==================================

=== Mace4 starting on domain size 12 ===

debug constructor Cube*********************** cubes_options 0 max_pos = 0
0|*|0  1|*|13  2|*|1  3|*|12  4|*|26  5|*|2  6|*|24  7|*|14  8|*|25  9|*|39  10|*|3  11|*|36  12|*|15  13|*|37  14|*|27  15|*|38  16|*|52  17|*|4  18|*|48  19|*|16  20|*|49  21|*|28  22|*|50  23|*|40  24|*|51  25|*|65  26|*|5  27|*|60  28|*|17  29|*|61  30|*|29  31|*|62  32|*|41  33|*|63  34|*|53  35|*|64  36|*|78  37|*|6  38|*|72  39|*|18  40|*|73  41|*|30  42|*|74  43|*|42  44|*|75  45|*|54  46|*|76  47|*|66  48|*|77  49|*|91  50|*|7  51|*|84  52|*|19  53|*|85  54|*|31  55|*|86  56|*|43  57|*|87  58|*|55  59|*|88  60|*|67  61|*|89  62|*|79  63|*|90  64|*|104  Debug order_cells ********************
0|0  1|2  2|5  3|10  4|17  5|26  6|37  7|50  8|65  9|82  10|101  11|122  12|3  13|1  14|7  15|12  16|19  17|28  18|39  19|52  20|67  21|84  22|103  23|124  24|6  25|8  26|4  27|14  28|21  29|30  30|41  31|54  32|69  33|86  34|105  35|126  36|11  37|13  38|15  39|9  40|23  41|32  42|43  43|56  44|71  45|88  46|107  47|128  48|18  49|20  50|22  51|24  52|16  53|34  54|45  55|58  56|73  57|90  58|109  59|130  60|27  61|29  62|31  63|33  64|35  Debug real_depths end ******************** mult_table_size: 144 Number_of_cells:288
Debug ******************** cut_off: 129

============================== MODEL ===========================================

interpretation( 12, [number=1, seconds=26], [

        function(*(_,_), [
			   0, 1, 2, 4, 5, 3, 7, 8, 6,10,11, 9,
			   1, 3, 9, 0,10,11, 5, 4, 2, 8, 7, 6,
			   2, 9, 6, 8, 7, 1, 0,10,11, 5, 4, 3,
			   4, 0, 8, 6, 1, 7, 9,11,10, 3, 2, 5,
			   5,10, 7, 1, 6, 8,11, 9, 0, 2, 3, 4,
			   3,11, 1, 7, 8, 6,10, 0, 9, 4, 5, 2,
			   7, 5, 0, 9,11,10, 3, 2, 4, 6, 1, 8,
			   8, 4,10,11, 9, 0, 2, 3, 5, 1, 6, 7,
			   6, 2,11,10, 0, 9, 4, 5, 3, 7, 8, 1,
			  10, 8, 5, 3, 2, 4, 6, 1, 7, 0, 9,11,
			  11, 7, 4, 2, 3, 5, 1, 6, 8, 9, 0,10,
			   9, 6, 3, 5, 4, 2, 8, 7, 1,11,10, 0 ])
]).

============================== end of model ====================================
Model 1 has been found.   Fri Nov  1 17:34:00 2024


============================== MODEL ===========================================

interpretation( 12, [number=2, seconds=26], [

        function(*(_,_), [
			   0, 1, 2, 4, 5, 3, 7, 8, 6,10,11, 9,
			   1, 3, 9, 0,11,10, 5, 4, 2, 8, 6, 7,
			   2, 9, 6, 8, 7, 1, 0,11,10, 5, 3, 4,
			   4, 0, 8, 6, 1, 7, 9,10,11, 3, 5, 2,
			   5,11, 7, 1, 6, 8,10, 9, 0, 2, 4, 3,
			   3,10, 1, 7, 8, 6,11, 0, 9, 4, 2, 5,
			   7, 5, 0, 9,10,11, 3, 2, 4, 6, 8, 1,
			   8, 4,11,10, 9, 0, 2, 3, 5, 1, 7, 6,
			   6, 2,10,11, 0, 9, 4, 5, 3, 7, 1, 8,
			  10, 8, 5, 3, 2, 4, 6, 1, 7, 0, 9,11,
			  11, 6, 3, 5, 4, 2, 8, 7, 1, 9, 0,10,
			   9, 7, 4, 2, 3, 5, 1, 6, 8,11,10, 0 ])
]).

============================== end of model ====================================

============================== MODEL ===========================================

interpretation( 12, [number=3, seconds=26], [

        function(*(_,_), [
			   0, 1, 2, 4, 5, 3, 7, 8, 6,10,11, 9,
			   1, 3, 9, 0,10,11, 4, 5, 2, 8, 6, 7,
			   2, 9, 6, 7, 8, 1, 0,11,10, 5, 4, 3,
			   4, 0, 7, 6, 1, 8, 9,10,11, 3, 2, 5,
			   5,10, 8, 1, 6, 7,11, 0, 9, 2, 3, 4,
			   3,11, 1, 8, 7, 6,10, 9, 0, 4, 5, 2,
			   7, 4, 0, 9,11,10, 3, 2, 5, 6, 8, 1,
			   8, 5,11,10, 0, 9, 2, 3, 4, 1, 7, 6,
			   6, 2,10,11, 9, 0, 5, 4, 3, 7, 1, 8,
			  10, 8, 5, 3, 2, 4, 6, 1, 7, 0, 9,11,
			  11, 6, 4, 2, 3, 5, 8, 7, 1, 9, 0,10,
			   9, 7, 3, 5, 4, 2, 1, 6, 8,11,10, 0 ])
]).

============================== end of model ====================================

============================== MODEL ===========================================

interpretation( 12, [number=4, seconds=33], [

        function(*(_,_), [
			   0, 1, 2, 4, 5, 3, 7, 8, 6,10,11, 9,
			   1, 2, 0, 5,10, 7, 8, 3,11, 4, 9, 6,
			   2, 0, 1, 6, 7, 9,10,11, 5, 8, 3, 4,
			   4, 5, 6, 0, 3,11, 9,10, 7, 2, 8, 1,
			   5,10, 7, 3, 2, 8, 1, 4, 0, 9, 6,11,
			   3, 7, 9,11, 8, 1, 2, 5,10, 6, 4, 0,
			   7, 8,10, 9, 1, 2, 0, 6, 4,11, 5, 3,
			   8, 3,11,10, 4, 5, 6, 2, 9, 0, 1, 7,
			   6,11, 5, 7, 0,10, 4, 9, 1, 3, 2, 8,
			  10, 4, 8, 2, 9, 6,11, 0, 3, 1, 7, 5,
			  11, 9, 3, 8, 6, 4, 5, 1, 2, 7, 0,10,
			   9, 6, 4, 1,11, 0, 3, 7, 8, 5,10, 2 ])
]).

============================== end of model ====================================

============================== MODEL ===========================================

interpretation( 12, [number=5, seconds=33], [

        function(*(_,_), [
			   0, 1, 2, 4, 5, 3, 7, 8, 6,10,11, 9,
			   1, 2, 0, 5,10, 7, 8, 3,11, 4, 9, 6,
			   2, 0, 1, 6,11, 9,10, 4, 5, 8, 3, 7,
			   4, 5, 6, 0, 3,11, 9,10, 7, 2, 8, 1,
			   5,10,11, 3, 2, 8, 1, 7, 0, 9, 6, 4,
			   3, 7, 9,11, 8, 1, 2, 5,10, 6, 4, 0,
			   7, 8,10, 9, 1, 2, 0, 6, 4,11, 5, 3,
			   8, 3, 4,10, 7, 5, 6, 2, 9, 0, 1,11,
			   6,11, 5, 7, 0,10, 4, 9, 1, 3, 2, 8,
			  10, 4, 8, 2, 9, 6,11, 0, 3, 1, 7, 5,
			  11, 9, 3, 8, 6, 4, 5, 1, 2, 7, 0,10,
			   9, 6, 7, 1, 4, 0, 3,11, 8, 5,10, 2 ])
]).

============================== end of model ====================================

============================== MODEL ===========================================

interpretation( 12, [number=6, seconds=40], [

        function(*(_,_), [
			   0, 1, 2, 4, 5, 3, 7, 8, 6,10,11, 9,
			   1, 2, 0, 6, 7, 8, 9,10,11, 3, 4, 5,
			   2, 0, 1,11, 8,10, 5, 3, 9, 4, 6, 7,
			   4, 6,11, 0, 3, 9, 8, 5, 1, 7, 2,10,
			   5, 7, 8, 3, 2, 6, 0,11, 4, 9,10, 1,
			   3, 8,10, 9, 6, 1,11, 2, 5, 0, 7, 4,
			   7, 9, 5, 8, 0,11, 1, 4,10, 6, 3, 2,
			   8,10, 3, 5,11, 2, 4, 0, 7, 1, 9, 6,
			   6,11, 9, 1, 4, 5,10, 7, 2, 8, 0, 3,
			  10, 3, 4, 7, 9, 0, 6, 1, 8, 2, 5,11,
			  11, 4, 6, 2,10, 7, 3, 9, 0, 5, 1, 8,
			   9, 5, 7,10, 1, 4, 2, 6, 3,11, 8, 0 ])
]).

============================== end of model ====================================

============================== MODEL ===========================================

interpretation( 12, [number=7, seconds=40], [

        function(*(_,_), [
			   0, 1, 2, 4, 5, 3, 7, 8, 6,10,11, 9,
			   1, 2, 0, 6, 7, 8, 9,10,11, 3, 4, 5,
			   2, 0, 1,11, 9,10, 5, 3, 4, 8, 6, 7,
			   4, 6,11, 0, 3, 9, 8, 5, 1, 7, 2,10,
			   5, 7, 9, 3, 0, 4, 1, 6, 8,11,10, 2,
			   3, 8,10, 9, 4, 1, 6, 2, 5, 0, 7,11,
			   7, 9, 5, 8, 1, 6, 2,11,10, 4, 3, 0,
			   8,10, 3, 5, 6, 2,11, 0, 7, 1, 9, 4,
			   6,11, 4, 1, 8, 5,10, 7, 2, 9, 0, 3,
			  10, 3, 8, 7,11, 0, 4, 1, 9, 2, 5, 6,
			  11, 4, 6, 2,10, 7, 3, 9, 0, 5, 1, 8,
			   9, 5, 7,10, 2,11, 0, 4, 3, 6, 8, 1 ])
]).

============================== end of model ====================================

============================== MODEL ===========================================

interpretation( 12, [number=8, seconds=40], [

        function(*(_,_), [
			   0, 1, 2, 4, 5, 3, 7, 8, 6,10,11, 9,
			   1, 2, 0, 6, 7, 8, 9,10,11, 3, 4, 5,
			   2, 0, 1,11, 9,10, 5, 3, 4, 8, 6, 7,
			   4, 6,11, 0, 3, 9, 8, 5, 1, 7, 2,10,
			   5, 7, 9, 3, 2, 6, 0,11, 8, 4,10, 1,
			   3, 8,10, 9, 6, 1,11, 2, 5, 0, 7, 4,
			   7, 9, 5, 8, 0,11, 1, 4,10, 6, 3, 2,
			   8,10, 3, 5,11, 2, 4, 0, 7, 1, 9, 6,
			   6,11, 4, 1, 8, 5,10, 7, 2, 9, 0, 3,
			  10, 3, 8, 7, 4, 0, 6, 1, 9, 2, 5,11,
			  11, 4, 6, 2,10, 7, 3, 9, 0, 5, 1, 8,
			   9, 5, 7,10, 1, 4, 2, 6, 3,11, 8, 0 ])
]).

============================== end of model ====================================

============================== MODEL ===========================================

interpretation( 12, [number=9, seconds=41], [

        function(*(_,_), [
			   0, 1, 2, 4, 5, 3, 7, 8, 6,10,11, 9,
			   1, 2, 0, 6, 7, 8, 9,10,11, 3, 4, 5,
			   2, 0, 1,11, 9,10, 5, 3, 4, 8, 6, 7,
			   4, 6,11, 0, 3, 5, 8, 7, 1, 9, 2,10,
			   5, 7, 9, 3, 0, 4, 1, 6, 8,11,10, 2,
			   3, 8,10, 5, 4, 0, 6, 1, 7, 2, 9,11,
			   7, 9, 5, 8, 1, 6, 2,11,10, 4, 3, 0,
			   8,10, 3, 7, 6, 1,11, 2, 9, 0, 5, 4,
			   6,11, 4, 1, 8, 7,10, 9, 2, 5, 0, 3,
			  10, 3, 8, 9,11, 2, 4, 0, 5, 1, 7, 6,
			  11, 4, 6, 2,10, 9, 3, 5, 0, 7, 1, 8,
			   9, 5, 7,10, 2,11, 0, 4, 3, 6, 8, 1 ])
]).

============================== end of model ====================================

============================== MODEL ===========================================

interpretation( 12, [number=10, seconds=41], [

        function(*(_,_), [
			   0, 1, 2, 4, 5, 3, 7, 8, 6,10,11, 9,
			   1, 2, 0, 6, 8, 7, 9,10,11, 3, 5, 4,
			   2, 0, 1,11,10, 9, 4, 3, 5, 8, 6, 7,
			   4, 6,11, 0, 3, 5, 8, 7, 1, 9, 2,10,
			   5, 8,10, 3, 0, 4, 6, 1, 7, 2, 9,11,
			   3, 7, 9, 5, 4, 0, 1, 6, 8,11,10, 2,
			   7, 9, 4, 8, 6, 1, 2,11,10, 5, 3, 0,
			   8,10, 3, 7, 1, 6,11, 2, 9, 0, 4, 5,
			   6,11, 5, 1, 7, 8,10, 9, 2, 4, 0, 3,
			  10, 3, 8, 9, 2,11, 5, 0, 4, 1, 7, 6,
			  11, 5, 6, 2, 9,10, 3, 4, 0, 7, 1, 8,
			   9, 4, 7,10,11, 2, 0, 5, 3, 6, 8, 1 ])
]).

============================== end of model ====================================
Model 10 has been found.   Fri Nov  1 17:34:15 2024


============================== MODEL ===========================================

interpretation( 12, [number=11, seconds=41], [

        function(*(_,_), [
			   0, 1, 2, 4, 5, 3, 7, 8, 6,10,11, 9,
			   1, 2, 0, 6, 7, 8, 9,11,10, 3, 5, 4,
			   2, 0, 1,11,10, 9, 5, 3, 4, 6, 8, 7,
			   4, 6,11, 0, 3, 5, 8, 7, 1, 9, 2,10,
			   5, 7,10, 3, 0, 4, 1, 6, 8, 2, 9,11,
			   3, 8, 9, 5, 4, 0, 6, 1, 7,11,10, 2,
			   7, 9, 5, 8, 1, 6, 2,10,11, 4, 0, 3,
			   8,11, 3, 7, 6, 1,10, 2, 9, 0, 4, 5,
			   6,10, 4, 1, 8, 7,11, 9, 2, 5, 3, 0,
			  10, 3, 6, 9, 2,11, 4, 0, 5, 1, 7, 8,
			  11, 5, 8, 2, 9,10, 0, 4, 3, 7, 1, 6,
			   9, 4, 7,10,11, 2, 3, 5, 0, 8, 6, 1 ])
]).

============================== end of model ====================================

============================== STATISTICS ======================================

For domain size 12.

Current CPU time: 0.00 seconds (total CPU time: 80.67 seconds).
Ground clauses: seen=3600, kept=3312.
Selections=33576, assignments=402298, propagations=722399, current_models=11.
Rewrite_terms=1044316832, rewrite_bools=347558038, indexes=26226510.
Rules_from_neg_clauses=7141340, cross_offs=268825136.
Number of cubes processed: 37173, Number of cubes cut: 3597

============================== end of statistics ===============================
Total lexmin time 0.000000 seconds
Total model time 0.000000 seconds
Total # lexmin model calls 0

Maximum resident size: 0.013504 GB

=====================================

User_CPU=80.67, System_CPU=0.02, Wall_clock=81.

Exiting with 11 models.

------ process 1219882 exit (all_models) ------

Process 1219882 exit (all_models) Fri Nov  1 17:34:55 2024
The process finished Fri Nov  1 17:34:55 2024
