============================== Mace4c ==========================================
Mace4c (64) version 2023-09-A SEP 2023
Universidade Aberta
Process 1219943 was started by uabcoimbra on bigbox1
Fri Nov  1 17:38:31 2024
The command was "bin/mace4c -n8 -P1 -W-1 -O0 -M3 -m-1 -f inputs/qg5.in"
============================== end of head =====================================


============================== INPUT ===========================================

% Reading from file inputs/qg5.in


formulas(assumptions).
x * y = x * z -> y = z.
x * y = z * y -> x = z.
((x * y) * x) * x = y.
end_of_list.
assign(domain_size,8) -> assign(start_size,8)
assign(domain_size,8) -> assign(end_size,8)

% From the command line: assign(domain_size, 8).
% set(print_models) -> assign(print_models_interp,0)
% set(print_models) -> clear(print_models_tabular)

% From the command line: set(print_models).

% From the command line: assign(filter_models, -1).

% From the command line: assign(selection_order, 0).

% From the command line: assign(selection_measure, 3).

% From the command line: assign(max_models, -1).

============================== end of input ====================================

============================== PROCESS NON-CLAUSAL FORMULAS ====================

% Formulas that are not ordinary clauses:
1 x * y = x * z -> y = z # label(non_clause).  [assumption].
2 x * y = z * y -> x = z # label(non_clause).  [assumption].

============================== end of process non-clausal formulas =============

============================== CLAUSES FOR SEARCH ==============================

formulas(mace4_clauses)
x * y != x * z | y = z.
x * y != z * y | x = z.
((x * y) * x) * x = y.
end_of_list.

============================== end of clauses for search =======================

% There are no natural numbers in the input.
% Search setting: isomorph_free (bool) 1
% Search setting: lexmin ordering in search (bool) 0

============================== DOMAIN SIZE 8 ===================================

=== Mace4 starting on domain size 8 ===

debug constructor Cube*********************** cubes_options 0 max_pos = 0
0|*|0  1|*|9  2|*|1  3|*|8  4|*|18  5|*|2  6|*|16  7|*|10  8|*|17  9|*|27  10|*|3  11|*|24  12|*|11  13|*|25  14|*|19  15|*|26  16|*|36  17|*|4  18|*|32  19|*|12  20|*|33  21|*|20  22|*|34  23|*|28  24|*|35  25|*|45  26|*|5  27|*|40  28|*|13  29|*|41  30|*|21  31|*|42  32|*|29  33|*|43  34|*|37  35|*|44  36|*|54  37|*|6  38|*|48  39|*|14  40|*|49  41|*|22  42|*|50  43|*|30  44|*|51  45|*|38  46|*|52  47|*|46  48|*|53  49|*|63  50|*|7  51|*|56  52|*|15  53|*|57  54|*|23  55|*|58  56|*|31  57|*|59  58|*|39  59|*|60  60|*|47  61|*|61  62|*|55  63|*|62  Debug order_cells ********************
0|0  1|2  2|5  3|10  4|17  5|26  6|37  7|50  8|3  9|1  10|7  11|12  12|19  13|28  14|39  15|52  16|6  17|8  18|4  19|14  20|21  21|30  22|41  23|54  24|11  25|13  26|15  27|9  28|23  29|32  30|43  31|56  32|18  33|20  34|22  35|24  36|16  37|34  38|45  39|58  40|27  41|29  42|31  43|33  44|35  45|25  46|47  47|60  48|38  49|40  50|42  51|44  52|46  53|48  54|36  55|62  56|51  57|53  58|55  59|57  60|59  61|61  62|63  63|49  Debug real_depths end ******************** mult_table_size: 64 Number_of_cells:128
Debug ******************** cut_off: 57

============================== MODEL ===========================================

interpretation( 8, [number=1, seconds=0], [

        function(*(_,_), [
			   0, 2, 5, 4, 6, 7, 1, 3,
			   7, 1, 4, 5, 3, 0, 2, 6,
			   3, 5, 2, 1, 7, 6, 4, 0,
			   1, 7, 6, 3, 5, 2, 0, 4,
			   2, 0, 3, 6, 4, 1, 7, 5,
			   4, 6, 7, 0, 2, 5, 3, 1,
			   5, 3, 0, 7, 1, 4, 6, 2,
			   6, 4, 1, 2, 0, 3, 5, 7 ])
]).

============================== end of model ====================================
Model 1 has been found.   Fri Nov  1 17:38:31 2024


============================== STATISTICS ======================================

For domain size 8.

Current CPU time: 0.00 seconds (total CPU time: 0.17 seconds).
Ground clauses: seen=1088, kept=960.
Selections=169, assignments=1276, propagations=2686, current_models=1.
Rewrite_terms=2202398, rewrite_bools=479065, indexes=78244.
Rules_from_neg_clauses=22644, cross_offs=741014.
Number of cubes processed: 225, Number of cubes cut: 56

============================== end of statistics ===============================
Total lexmin time 0.000000 seconds
Total model time 0.000000 seconds
Total # lexmin model calls 0

Maximum resident size: 0.006300 GB

=====================================

User_CPU=0.17, System_CPU=0.00, Wall_clock=0.

Exiting with 1 model.

------ process 1219943 exit (all_models) ------

Process 1219943 exit (all_models) Fri Nov  1 17:38:31 2024
The process finished Fri Nov  1 17:38:31 2024
